[15ene2025 14:42:23.263] [main/INFO] [cpw.mods.modlauncher.Launcher/MODLAUNCHER]: ModLauncher running: args [--launchTarget, forgeserver, --fml.forgeVersion, 47.2.20, --fml.mcVersion, 1.20.1, --fml.forgeGroup, net.minecraftforge, --fml.mcpVersion, 20230612.114412]
[15ene2025 14:42:23.277] [main/INFO] [cpw.mods.modlauncher.Launcher/MODLAUNCHER]: ModLauncher 10.0.9+10.0.9+main.dcd20f30 starting: java version 17.0.12 by Oracle Corporation; OS Windows 11 arch amd64 version 10.0
[15ene2025 14:42:23.397] [main/DEBUG] [cpw.mods.modlauncher.LaunchServiceHandler/MODLAUNCHER]: Found launch services [fmlclientdev,forgeclient,minecraft,forgegametestserverdev,fmlserveruserdev,fmlclient,fmldatauserdev,forgeserverdev,forgeserveruserdev,forgeclientdev,forgeclientuserdev,forgeserver,forgedatadev,fmlserver,fmlclientuserdev,fmlserverdev,forgedatauserdev,testharness,forgegametestserveruserdev]
[15ene2025 14:42:23.438] [main/DEBUG] [cpw.mods.modlauncher.NameMappingServiceHandler/MODLAUNCHER]: Found naming services : [srgtomcp]
[15ene2025 14:42:23.471] [main/DEBUG] [cpw.mods.modlauncher.LaunchPluginHandler/MODLAUNCHER]: Found launch plugins: [mixin,eventbus,slf4jfixer,object_holder_definalize,runtime_enum_extender,capability_token_subclass,accesstransformer,runtimedistcleaner]
[15ene2025 14:42:23.495] [main/DEBUG] [cpw.mods.modlauncher.TransformationServicesHandler/MODLAUNCHER]: Discovering transformation services
[15ene2025 14:42:23.502] [main/DEBUG] [net.minecraftforge.fml.loading.FMLPaths/CORE]: Path GAMEDIR is C:\Users\Daniel Aguirre\Documents\GitHub\makoto-community-server
[15ene2025 14:42:23.503] [main/DEBUG] [net.minecraftforge.fml.loading.FMLPaths/CORE]: Path MODSDIR is C:\Users\Daniel Aguirre\Documents\GitHub\makoto-community-server\mods
[15ene2025 14:42:23.503] [main/DEBUG] [net.minecraftforge.fml.loading.FMLPaths/CORE]: Path CONFIGDIR is C:\Users\Daniel Aguirre\Documents\GitHub\makoto-community-server\config
[15ene2025 14:42:23.503] [main/DEBUG] [net.minecraftforge.fml.loading.FMLPaths/CORE]: Path FMLCONFIG is C:\Users\Daniel Aguirre\Documents\GitHub\makoto-community-server\config\fml.toml
[15ene2025 14:42:23.891] [main/DEBUG] [cpw.mods.modlauncher.TransformationServicesHandler/MODLAUNCHER]: Found additional transformation services from discovery services: 
[15ene2025 14:42:23.904] [main/INFO] [net.minecraftforge.fml.loading.ImmediateWindowHandler/]: ImmediateWindowProvider not loading because launch target is forgeserver
[15ene2025 14:42:23.927] [main/DEBUG] [cpw.mods.modlauncher.TransformationServicesHandler/MODLAUNCHER]: Found transformer services : [mixin,fml]
[15ene2025 14:42:23.927] [main/DEBUG] [cpw.mods.modlauncher.TransformationServicesHandler/MODLAUNCHER]: Transformation services loading
[15ene2025 14:42:23.928] [main/DEBUG] [cpw.mods.modlauncher.TransformationServiceDecorator/MODLAUNCHER]: Loading service mixin
[15ene2025 14:42:23.928] [main/DEBUG] [cpw.mods.modlauncher.TransformationServiceDecorator/MODLAUNCHER]: Loaded service mixin
[15ene2025 14:42:23.928] [main/DEBUG] [cpw.mods.modlauncher.TransformationServiceDecorator/MODLAUNCHER]: Loading service fml
[15ene2025 14:42:23.929] [main/DEBUG] [net.minecraftforge.fml.loading.LauncherVersion/CORE]: Found FMLLauncher version 1.0
[15ene2025 14:42:23.929] [main/DEBUG] [net.minecraftforge.fml.loading.FMLLoader/CORE]: FML 1.0 loading
[15ene2025 14:42:23.929] [main/DEBUG] [net.minecraftforge.fml.loading.FMLLoader/CORE]: FML found ModLauncher version : 10.0.9+10.0.9+main.dcd20f30
[15ene2025 14:42:23.930] [main/DEBUG] [net.minecraftforge.fml.loading.FMLLoader/CORE]: FML found AccessTransformer version : 8.0.4+66+master.c09db6d7
[15ene2025 14:42:23.930] [main/DEBUG] [net.minecraftforge.fml.loading.FMLLoader/CORE]: FML found EventBus version : 6.0.5+6.0.5+master.eb8e549b
[15ene2025 14:42:23.930] [main/DEBUG] [net.minecraftforge.fml.loading.FMLLoader/CORE]: Found Runtime Dist Cleaner
[15ene2025 14:42:23.933] [main/DEBUG] [net.minecraftforge.fml.loading.FMLLoader/CORE]: FML found CoreMod version : 5.0.1+15+master.dc5a2922
[15ene2025 14:42:23.934] [main/DEBUG] [net.minecraftforge.fml.loading.FMLLoader/CORE]: Found ForgeSPI package implementation version 7.0.1+7.0.1+master.d2b38bf6
[15ene2025 14:42:23.934] [main/DEBUG] [net.minecraftforge.fml.loading.FMLLoader/CORE]: Found ForgeSPI package specification 5
[15ene2025 14:42:23.935] [main/DEBUG] [cpw.mods.modlauncher.TransformationServiceDecorator/MODLAUNCHER]: Loaded service fml
[15ene2025 14:42:23.935] [main/DEBUG] [cpw.mods.modlauncher.TransformationServicesHandler/MODLAUNCHER]: Configuring option handling for services
[15ene2025 14:42:23.944] [main/DEBUG] [cpw.mods.modlauncher.TransformationServicesHandler/MODLAUNCHER]: Transformation services initializing
[15ene2025 14:42:23.945] [main/DEBUG] [cpw.mods.modlauncher.TransformationServiceDecorator/MODLAUNCHER]: Initializing transformation service mixin
[15ene2025 14:42:23.978] [main/DEBUG] [mixin/]: MixinService [ModLauncher] was successfully booted in cpw.mods.cl.ModuleClassLoader@2d96543c
[15ene2025 14:42:24.029] [main/INFO] [mixin/]: SpongePowered MIXIN Subsystem Version=0.8.5 Source=union:/C:/Users/Daniel%20Aguirre/Documents/GitHub/makoto-community-server/libraries/org/spongepowered/mixin/0.8.5/mixin-0.8.5.jar%2316!/ Service=ModLauncher Env=SERVER
[15ene2025 14:42:24.038] [main/DEBUG] [mixin/]: Initialising Mixin Platform Manager
[15ene2025 14:42:24.038] [main/DEBUG] [mixin/]: Adding mixin platform agents for container ModLauncher Root Container(ModLauncher:4f56a0a2)
[15ene2025 14:42:24.040] [main/DEBUG] [mixin/]: Instancing new MixinPlatformAgentMinecraftForge for ModLauncher Root Container(ModLauncher:4f56a0a2)
[15ene2025 14:42:24.041] [main/DEBUG] [mixin/]: MixinPlatformAgentMinecraftForge rejected container ModLauncher Root Container(ModLauncher:4f56a0a2)
[15ene2025 14:42:24.041] [main/DEBUG] [mixin/]: Instancing new MixinPlatformAgentDefault for ModLauncher Root Container(ModLauncher:4f56a0a2)
[15ene2025 14:42:24.041] [main/DEBUG] [mixin/]: MixinPlatformAgentDefault accepted container ModLauncher Root Container(ModLauncher:4f56a0a2)
[15ene2025 14:42:24.052] [main/DEBUG] [cpw.mods.modlauncher.TransformationServiceDecorator/MODLAUNCHER]: Initialized transformation service mixin
[15ene2025 14:42:24.052] [main/DEBUG] [cpw.mods.modlauncher.TransformationServiceDecorator/MODLAUNCHER]: Initializing transformation service fml
[15ene2025 14:42:24.052] [main/DEBUG] [net.minecraftforge.fml.loading.FMLServiceProvider/CORE]: Setting up basic FML game directories
[15ene2025 14:42:24.052] [main/DEBUG] [net.minecraftforge.fml.loading.FMLPaths/CORE]: Path GAMEDIR is C:\Users\Daniel Aguirre\Documents\GitHub\makoto-community-server
[15ene2025 14:42:24.053] [main/DEBUG] [net.minecraftforge.fml.loading.FMLPaths/CORE]: Path MODSDIR is C:\Users\Daniel Aguirre\Documents\GitHub\makoto-community-server\mods
[15ene2025 14:42:24.053] [main/DEBUG] [net.minecraftforge.fml.loading.FMLPaths/CORE]: Path CONFIGDIR is C:\Users\Daniel Aguirre\Documents\GitHub\makoto-community-server\config
[15ene2025 14:42:24.053] [main/DEBUG] [net.minecraftforge.fml.loading.FMLPaths/CORE]: Path FMLCONFIG is C:\Users\Daniel Aguirre\Documents\GitHub\makoto-community-server\config\fml.toml
[15ene2025 14:42:24.053] [main/DEBUG] [net.minecraftforge.fml.loading.FMLServiceProvider/CORE]: Loading configuration
[15ene2025 14:42:24.055] [main/DEBUG] [net.minecraftforge.fml.loading.FMLServiceProvider/CORE]: Preparing ModFile
[15ene2025 14:42:24.067] [main/DEBUG] [net.minecraftforge.fml.loading.FMLServiceProvider/CORE]: Preparing launch handler
[15ene2025 14:42:24.068] [main/DEBUG] [net.minecraftforge.fml.loading.FMLLoader/CORE]: Using forgeserver as launch service
[15ene2025 14:42:24.089] [main/DEBUG] [net.minecraftforge.fml.loading.FMLLoader/CORE]: Received command line version data  : VersionInfo[forgeVersion=47.2.20, mcVersion=1.20.1, mcpVersion=20230612.114412, forgeGroup=net.minecraftforge]
[15ene2025 14:42:24.093] [main/DEBUG] [cpw.mods.modlauncher.TransformationServiceDecorator/MODLAUNCHER]: Initialized transformation service fml
[15ene2025 14:42:24.093] [main/DEBUG] [cpw.mods.modlauncher.NameMappingServiceHandler/MODLAUNCHER]: Current naming domain is 'srg'
[15ene2025 14:42:24.094] [main/DEBUG] [cpw.mods.modlauncher.NameMappingServiceHandler/MODLAUNCHER]: Identified name mapping providers {}
[15ene2025 14:42:24.094] [main/DEBUG] [cpw.mods.modlauncher.TransformationServicesHandler/MODLAUNCHER]: Transformation services begin scanning
[15ene2025 14:42:24.095] [main/DEBUG] [cpw.mods.modlauncher.TransformationServiceDecorator/MODLAUNCHER]: Beginning scan trigger - transformation service mixin
[15ene2025 14:42:24.095] [main/DEBUG] [cpw.mods.modlauncher.TransformationServiceDecorator/MODLAUNCHER]: End scan trigger - transformation service mixin
[15ene2025 14:42:24.097] [main/DEBUG] [cpw.mods.modlauncher.TransformationServiceDecorator/MODLAUNCHER]: Beginning scan trigger - transformation service fml
[15ene2025 14:42:24.097] [main/DEBUG] [net.minecraftforge.fml.loading.FMLServiceProvider/CORE]: Initiating mod scan
[15ene2025 14:42:24.111] [main/DEBUG] [net.minecraftforge.fml.loading.moddiscovery.ModListHandler/CORE]: Found mod coordinates from lists: []
[15ene2025 14:42:24.114] [main/DEBUG] [net.minecraftforge.fml.loading.moddiscovery.ModDiscoverer/CORE]: Found Mod Locators : (mods folder:null),(maven libs:null),(exploded directory:null),(minecraft:null),(userdev classpath:null)
[15ene2025 14:42:24.115] [main/DEBUG] [net.minecraftforge.fml.loading.moddiscovery.ModDiscoverer/CORE]: Found Dependency Locators : (JarInJar:null)
[15ene2025 14:42:24.137] [main/DEBUG] [net.minecraftforge.fml.loading.moddiscovery.ModFileParser/LOADING]: Considering mod file candidate C:\Users\Daniel Aguirre\Documents\GitHub\makoto-community-server\mods\[1.20.1] SecurityCraft v1.9.12.jar
[15ene2025 14:42:24.200] [main/DEBUG] [net.minecraftforge.fml.loading.moddiscovery.ModFileInfo/LOADING]: Found valid mod file [1.20.1] SecurityCraft v1.9.12.jar with {securitycraft} mods - versions {1.9.12}
[15ene2025 14:42:24.210] [main/DEBUG] [net.minecraftforge.fml.loading.moddiscovery.ModFileParser/LOADING]: Considering mod file candidate C:\Users\Daniel Aguirre\Documents\GitHub\makoto-community-server\mods\decocraft-3.0.0.8.4-beta-1.20.1.jar
[15ene2025 14:42:24.216] [main/DEBUG] [net.minecraftforge.fml.loading.moddiscovery.ModFileInfo/LOADING]: Found valid mod file decocraft-3.0.0.8.4-beta-1.20.1.jar with {decocraft} mods - versions {3.0.0.8.4-beta-1.20.1}
[15ene2025 14:42:24.229] [main/DEBUG] [net.minecraftforge.fml.loading.moddiscovery.ModFileParser/LOADING]: Considering mod file candidate C:\Users\Daniel Aguirre\Documents\GitHub\makoto-community-server\mods\DramaticDoors-QuiFabrge-1.20.1-3.2.8.jar
[15ene2025 14:42:24.234] [main/DEBUG] [net.minecraftforge.fml.loading.moddiscovery.ModFileInfo/LOADING]: Found valid mod file DramaticDoors-QuiFabrge-1.20.1-3.2.8.jar with {dramaticdoors} mods - versions {1.20.1-3.2.8}
[15ene2025 14:42:24.236] [main/DEBUG] [net.minecraftforge.fml.loading.moddiscovery.ModFileParser/LOADING]: Considering mod file candidate C:\Users\Daniel Aguirre\Documents\GitHub\makoto-community-server\mods\enderitemod-1.5.1-1.20.1-forge.jar
[15ene2025 14:42:24.237] [main/DEBUG] [net.minecraftforge.fml.loading.moddiscovery.ModFileInfo/LOADING]: Found valid mod file enderitemod-1.5.1-1.20.1-forge.jar with {enderitemod} mods - versions {1.5.1}
[15ene2025 14:42:24.240] [main/DEBUG] [net.minecraftforge.fml.loading.moddiscovery.ModFileParser/LOADING]: Considering mod file candidate C:\Users\Daniel Aguirre\Documents\GitHub\makoto-community-server\mods\L_Enders_Cataclysm-2.38- 1.20.1.jar
[15ene2025 14:42:24.242] [main/DEBUG] [net.minecraftforge.fml.loading.moddiscovery.ModFileInfo/LOADING]: Found valid mod file L_Enders_Cataclysm-2.38- 1.20.1.jar with {cataclysm} mods - versions {2.38}
[15ene2025 14:42:24.244] [main/DEBUG] [net.minecraftforge.fml.loading.moddiscovery.ModFileParser/LOADING]: Considering mod file candidate C:\Users\Daniel Aguirre\Documents\GitHub\makoto-community-server\mods\lionfishapi-2.4-Fix.jar
[15ene2025 14:42:24.245] [main/DEBUG] [net.minecraftforge.fml.loading.moddiscovery.ModFileInfo/LOADING]: Found valid mod file lionfishapi-2.4-Fix.jar with {lionfishapi} mods - versions {2.4-Fix}
[15ene2025 14:42:24.248] [main/DEBUG] [net.minecraftforge.fml.loading.moddiscovery.ModFileParser/LOADING]: Considering mod file candidate C:\Users\Daniel Aguirre\Documents\GitHub\makoto-community-server\mods\modernlife-1.20.1-1.69.jar
[15ene2025 14:42:24.249] [main/DEBUG] [net.minecraftforge.fml.loading.moddiscovery.ModFileInfo/LOADING]: Found valid mod file modernlife-1.20.1-1.69.jar with {modernlife} mods - versions {1.20.1-1.69}
[15ene2025 14:42:24.255] [main/DEBUG] [net.minecraftforge.fml.loading.moddiscovery.ModFileParser/LOADING]: Considering mod file candidate C:\Users\Daniel Aguirre\Documents\GitHub\makoto-community-server\mods\twilightforest-1.20.1-4.3.2508-universal.jar
[15ene2025 14:42:24.256] [main/DEBUG] [net.minecraftforge.fml.loading.moddiscovery.ModFileInfo/LOADING]: Found valid mod file twilightforest-1.20.1-4.3.2508-universal.jar with {twilightforest} mods - versions {4.3.2508}
[15ene2025 14:42:24.258] [main/DEBUG] [net.minecraftforge.fml.loading.moddiscovery.ModFileParser/LOADING]: Considering mod file candidate C:\Users\Daniel Aguirre\Documents\GitHub\makoto-community-server\mods\WhisperingSpirits-forge-1.20.1-v1.4.0.jar
[15ene2025 14:42:24.259] [main/DEBUG] [net.minecraftforge.fml.loading.moddiscovery.ModFileInfo/LOADING]: Found valid mod file WhisperingSpirits-forge-1.20.1-v1.4.0.jar with {whispering_spirits} mods - versions {1.4.0}
[15ene2025 14:42:24.355] [main/DEBUG] [net.minecraftforge.fml.loading.moddiscovery.ModFileInfo/LOADING]: Found valid mod file server-1.20.1-20230612.114412-srg.jar with {minecraft} mods - versions {1.20.1}
[15ene2025 14:42:24.360] [main/DEBUG] [net.minecraftforge.fml.loading.moddiscovery.ModFileParser/LOADING]: Considering mod file candidate C:\Users\Daniel Aguirre\Documents\GitHub\makoto-community-server\libraries\net\minecraftforge\fmlcore\1.20.1-47.2.20\fmlcore-1.20.1-47.2.20.jar
[15ene2025 14:42:24.363] [main/DEBUG] [net.minecraftforge.fml.loading.moddiscovery.ModFileParser/LOADING]: Considering mod file candidate C:\Users\Daniel Aguirre\Documents\GitHub\makoto-community-server\libraries\net\minecraftforge\javafmllanguage\1.20.1-47.2.20\javafmllanguage-1.20.1-47.2.20.jar
[15ene2025 14:42:24.366] [main/DEBUG] [net.minecraftforge.fml.loading.moddiscovery.ModFileParser/LOADING]: Considering mod file candidate C:\Users\Daniel Aguirre\Documents\GitHub\makoto-community-server\libraries\net\minecraftforge\lowcodelanguage\1.20.1-47.2.20\lowcodelanguage-1.20.1-47.2.20.jar
[15ene2025 14:42:24.368] [main/DEBUG] [net.minecraftforge.fml.loading.moddiscovery.ModFileParser/LOADING]: Considering mod file candidate C:\Users\Daniel Aguirre\Documents\GitHub\makoto-community-server\libraries\net\minecraftforge\mclanguage\1.20.1-47.2.20\mclanguage-1.20.1-47.2.20.jar
[15ene2025 14:42:24.375] [main/DEBUG] [net.minecraftforge.fml.loading.moddiscovery.ModFileParser/LOADING]: Considering mod file candidate C:\Users\Daniel Aguirre\Documents\GitHub\makoto-community-server\libraries\net\minecraftforge\forge\1.20.1-47.2.20\forge-1.20.1-47.2.20-universal.jar
[15ene2025 14:42:24.376] [main/DEBUG] [net.minecraftforge.fml.loading.moddiscovery.ModFileInfo/LOADING]: Found valid mod file forge-1.20.1-47.2.20-universal.jar with {forge} mods - versions {47.2.20}
[15ene2025 14:42:24.386] [main/DEBUG] [net.minecraftforge.fml.loading.moddiscovery.AbstractJarFileDependencyLocator/]: Failed to load resource META-INF\jarjar\metadata.json from server-1.20.1-20230612.114412-srg.jar, it does not contain dependency information.
[15ene2025 14:42:24.386] [main/DEBUG] [net.minecraftforge.fml.loading.moddiscovery.AbstractJarFileDependencyLocator/]: Failed to load resource META-INF\jarjar\metadata.json from enderitemod-1.5.1-1.20.1-forge.jar, it does not contain dependency information.
[15ene2025 14:42:24.386] [main/DEBUG] [net.minecraftforge.fml.loading.moddiscovery.AbstractJarFileDependencyLocator/]: Failed to load resource META-INF\jarjar\metadata.json from lionfishapi-2.4-Fix.jar, it does not contain dependency information.
[15ene2025 14:42:24.387] [main/DEBUG] [net.minecraftforge.fml.loading.moddiscovery.AbstractJarFileDependencyLocator/]: Failed to load resource META-INF\jarjar\metadata.json from forge-1.20.1-47.2.20-universal.jar, it does not contain dependency information.
[15ene2025 14:42:24.387] [main/DEBUG] [net.minecraftforge.fml.loading.moddiscovery.AbstractJarFileDependencyLocator/]: Failed to load resource META-INF\jarjar\metadata.json from L_Enders_Cataclysm-2.38- 1.20.1.jar, it does not contain dependency information.
[15ene2025 14:42:24.387] [main/DEBUG] [net.minecraftforge.fml.loading.moddiscovery.AbstractJarFileDependencyLocator/]: Failed to load resource META-INF\jarjar\metadata.json from twilightforest-1.20.1-4.3.2508-universal.jar, it does not contain dependency information.
[15ene2025 14:42:24.387] [main/DEBUG] [net.minecraftforge.fml.loading.moddiscovery.AbstractJarFileDependencyLocator/]: Failed to load resource META-INF\jarjar\metadata.json from WhisperingSpirits-forge-1.20.1-v1.4.0.jar, it does not contain dependency information.
[15ene2025 14:42:24.387] [main/DEBUG] [net.minecraftforge.fml.loading.moddiscovery.AbstractJarFileDependencyLocator/]: Failed to load resource META-INF\jarjar\metadata.json from modernlife-1.20.1-1.69.jar, it does not contain dependency information.
[15ene2025 14:42:24.387] [main/DEBUG] [net.minecraftforge.fml.loading.moddiscovery.AbstractJarFileDependencyLocator/]: Failed to load resource META-INF\jarjar\metadata.json from DramaticDoors-QuiFabrge-1.20.1-3.2.8.jar, it does not contain dependency information.
[15ene2025 14:42:24.387] [main/DEBUG] [net.minecraftforge.fml.loading.moddiscovery.AbstractJarFileDependencyLocator/]: Failed to load resource META-INF\jarjar\metadata.json from decocraft-3.0.0.8.4-beta-1.20.1.jar, it does not contain dependency information.
[15ene2025 14:42:24.387] [main/DEBUG] [net.minecraftforge.fml.loading.moddiscovery.AbstractJarFileDependencyLocator/]: Failed to load resource META-INF\jarjar\metadata.json from [1.20.1] SecurityCraft v1.9.12.jar, it does not contain dependency information.
[15ene2025 14:42:24.387] [main/DEBUG] [net.minecraftforge.fml.loading.moddiscovery.AbstractJarFileDependencyLocator/]: Failed to load resource META-INF\jarjar\metadata.json from mclanguage-1.20.1-47.2.20.jar, it does not contain dependency information.
[15ene2025 14:42:24.387] [main/DEBUG] [net.minecraftforge.fml.loading.moddiscovery.AbstractJarFileDependencyLocator/]: Failed to load resource META-INF\jarjar\metadata.json from javafmllanguage-1.20.1-47.2.20.jar, it does not contain dependency information.
[15ene2025 14:42:24.387] [main/DEBUG] [net.minecraftforge.fml.loading.moddiscovery.AbstractJarFileDependencyLocator/]: Failed to load resource META-INF\jarjar\metadata.json from fmlcore-1.20.1-47.2.20.jar, it does not contain dependency information.
[15ene2025 14:42:24.387] [main/DEBUG] [net.minecraftforge.fml.loading.moddiscovery.AbstractJarFileDependencyLocator/]: Failed to load resource META-INF\jarjar\metadata.json from lowcodelanguage-1.20.1-47.2.20.jar, it does not contain dependency information.
[15ene2025 14:42:24.412] [main/INFO] [net.minecraftforge.fml.loading.moddiscovery.JarInJarDependencyLocator/]: No dependencies to load found. Skipping!
[15ene2025 14:42:24.413] [main/DEBUG] [net.minecraftforge.fml.loading.moddiscovery.ModFileParser/LOADING]: Considering mod file candidate C:\Users\Daniel Aguirre\Documents\GitHub\makoto-community-server\mods\enderitemod-1.5.1-1.20.1-forge.jar
[15ene2025 14:42:24.415] [main/DEBUG] [net.minecraftforge.fml.loading.moddiscovery.ModFileInfo/LOADING]: Found valid mod file enderitemod-1.5.1-1.20.1-forge.jar with {enderitemod} mods - versions {1.5.1}
[15ene2025 14:42:24.418] [main/DEBUG] [net.minecraftforge.fml.loading.moddiscovery.ModFile/LOADING]: Loading mod file C:\Users\Daniel Aguirre\Documents\GitHub\makoto-community-server\mods\enderitemod-1.5.1-1.20.1-forge.jar with languages [LanguageSpec[languageName=javafml, acceptedVersions=[47,)]]
[15ene2025 14:42:24.419] [main/DEBUG] [net.minecraftforge.fml.loading.moddiscovery.ModFileInfo/LOADING]: Found valid mod file server-1.20.1-20230612.114412-srg.jar with {minecraft} mods - versions {1.20.1}
[15ene2025 14:42:24.419] [main/DEBUG] [net.minecraftforge.fml.loading.moddiscovery.ModFile/LOADING]: Loading mod file C:\Users\Daniel Aguirre\Documents\GitHub\makoto-community-server\libraries\net\minecraft\server\1.20.1-20230612.114412\server-1.20.1-20230612.114412-srg.jar with languages [LanguageSpec[languageName=minecraft, acceptedVersions=1]]
[15ene2025 14:42:24.420] [main/DEBUG] [net.minecraftforge.fml.loading.moddiscovery.ModFileParser/LOADING]: Considering mod file candidate C:\Users\Daniel Aguirre\Documents\GitHub\makoto-community-server\mods\lionfishapi-2.4-Fix.jar
[15ene2025 14:42:24.420] [main/DEBUG] [net.minecraftforge.fml.loading.moddiscovery.ModFileInfo/LOADING]: Found valid mod file lionfishapi-2.4-Fix.jar with {lionfishapi} mods - versions {2.4-Fix}
[15ene2025 14:42:24.420] [main/DEBUG] [net.minecraftforge.fml.loading.moddiscovery.ModFile/LOADING]: Loading mod file C:\Users\Daniel Aguirre\Documents\GitHub\makoto-community-server\mods\lionfishapi-2.4-Fix.jar with languages [LanguageSpec[languageName=javafml, acceptedVersions=[47,)]]
[15ene2025 14:42:24.420] [main/DEBUG] [net.minecraftforge.fml.loading.moddiscovery.ModFileParser/LOADING]: Considering mod file candidate C:\Users\Daniel Aguirre\Documents\GitHub\makoto-community-server\libraries\net\minecraftforge\forge\1.20.1-47.2.20\forge-1.20.1-47.2.20-universal.jar
[15ene2025 14:42:24.421] [main/DEBUG] [net.minecraftforge.fml.loading.moddiscovery.ModFileInfo/LOADING]: Found valid mod file forge-1.20.1-47.2.20-universal.jar with {forge} mods - versions {47.2.20}
[15ene2025 14:42:24.421] [main/DEBUG] [net.minecraftforge.fml.loading.moddiscovery.ModFile/LOADING]: Loading mod file C:\Users\Daniel Aguirre\Documents\GitHub\makoto-community-server\libraries\net\minecraftforge\forge\1.20.1-47.2.20\forge-1.20.1-47.2.20-universal.jar with languages [LanguageSpec[languageName=javafml, acceptedVersions=[24,]]]
[15ene2025 14:42:24.449] [main/DEBUG] [net.minecraftforge.fml.loading.moddiscovery.ModFileParser/LOADING]: Found coremod field_to_method with Javascript path coremods/field_to_method.js
[15ene2025 14:42:24.450] [main/DEBUG] [net.minecraftforge.fml.loading.moddiscovery.ModFileParser/LOADING]: Found coremod field_to_instanceof with Javascript path coremods/field_to_instanceof.js
[15ene2025 14:42:24.450] [main/DEBUG] [net.minecraftforge.fml.loading.moddiscovery.ModFileParser/LOADING]: Found coremod add_bouncer_method with Javascript path coremods/add_bouncer_method.js
[15ene2025 14:42:24.450] [main/DEBUG] [net.minecraftforge.fml.loading.moddiscovery.ModFileParser/LOADING]: Found coremod method_redirector with Javascript path coremods/method_redirector.js
[15ene2025 14:42:24.450] [main/DEBUG] [net.minecraftforge.fml.loading.moddiscovery.ModFile/LOADING]: Found coremod coremods/field_to_method.js
[15ene2025 14:42:24.450] [main/DEBUG] [net.minecraftforge.fml.loading.moddiscovery.ModFile/LOADING]: Found coremod coremods/field_to_instanceof.js
[15ene2025 14:42:24.450] [main/DEBUG] [net.minecraftforge.fml.loading.moddiscovery.ModFile/LOADING]: Found coremod coremods/add_bouncer_method.js
[15ene2025 14:42:24.450] [main/DEBUG] [net.minecraftforge.fml.loading.moddiscovery.ModFile/LOADING]: Found coremod coremods/method_redirector.js
[15ene2025 14:42:24.450] [main/DEBUG] [net.minecraftforge.fml.loading.moddiscovery.ModFileParser/LOADING]: Considering mod file candidate C:\Users\Daniel Aguirre\Documents\GitHub\makoto-community-server\mods\L_Enders_Cataclysm-2.38- 1.20.1.jar
[15ene2025 14:42:24.451] [main/DEBUG] [net.minecraftforge.fml.loading.moddiscovery.ModFileInfo/LOADING]: Found valid mod file L_Enders_Cataclysm-2.38- 1.20.1.jar with {cataclysm} mods - versions {2.38}
[15ene2025 14:42:24.451] [main/DEBUG] [net.minecraftforge.fml.loading.moddiscovery.ModFile/LOADING]: Loading mod file C:\Users\Daniel Aguirre\Documents\GitHub\makoto-community-server\mods\L_Enders_Cataclysm-2.38- 1.20.1.jar with languages [LanguageSpec[languageName=javafml, acceptedVersions=[36,)]]
[15ene2025 14:42:24.451] [main/DEBUG] [net.minecraftforge.fml.loading.moddiscovery.ModFileParser/LOADING]: Considering mod file candidate C:\Users\Daniel Aguirre\Documents\GitHub\makoto-community-server\mods\twilightforest-1.20.1-4.3.2508-universal.jar
[15ene2025 14:42:24.452] [main/DEBUG] [net.minecraftforge.fml.loading.moddiscovery.ModFileInfo/LOADING]: Found valid mod file twilightforest-1.20.1-4.3.2508-universal.jar with {twilightforest} mods - versions {4.3.2508}
[15ene2025 14:42:24.452] [main/DEBUG] [net.minecraftforge.fml.loading.moddiscovery.ModFile/LOADING]: Loading mod file C:\Users\Daniel Aguirre\Documents\GitHub\makoto-community-server\mods\twilightforest-1.20.1-4.3.2508-universal.jar with languages [LanguageSpec[languageName=javafml, acceptedVersions=[47,)]]
[15ene2025 14:42:24.452] [main/DEBUG] [net.minecraftforge.fml.loading.moddiscovery.ModFileParser/LOADING]: Found coremod seed with Javascript path META-INF/asm/seed.js
[15ene2025 14:42:24.452] [main/DEBUG] [net.minecraftforge.fml.loading.moddiscovery.ModFileParser/LOADING]: Found coremod maprendercontext with Javascript path META-INF/asm/maprendercontext.js
[15ene2025 14:42:24.452] [main/DEBUG] [net.minecraftforge.fml.loading.moddiscovery.ModFileParser/LOADING]: Found coremod music with Javascript path META-INF/asm/music.js
[15ene2025 14:42:24.452] [main/DEBUG] [net.minecraftforge.fml.loading.moddiscovery.ModFileParser/LOADING]: Found coremod multipart with Javascript path META-INF/asm/multipart.js
[15ene2025 14:42:24.452] [main/DEBUG] [net.minecraftforge.fml.loading.moddiscovery.ModFileParser/LOADING]: Found coremod foliage with Javascript path META-INF/asm/foliage.js
[15ene2025 14:42:24.452] [main/DEBUG] [net.minecraftforge.fml.loading.moddiscovery.ModFileParser/LOADING]: Found coremod mount with Javascript path META-INF/asm/mount.js
[15ene2025 14:42:24.452] [main/DEBUG] [net.minecraftforge.fml.loading.moddiscovery.ModFileParser/LOADING]: Found coremod book with Javascript path META-INF/asm/book.js
[15ene2025 14:42:24.452] [main/DEBUG] [net.minecraftforge.fml.loading.moddiscovery.ModFileParser/LOADING]: Found coremod conquered with Javascript path META-INF/asm/conquered.js
[15ene2025 14:42:24.452] [main/DEBUG] [net.minecraftforge.fml.loading.moddiscovery.ModFileParser/LOADING]: Found coremod reach with Javascript path META-INF/asm/reach.js
[15ene2025 14:42:24.452] [main/DEBUG] [net.minecraftforge.fml.loading.moddiscovery.ModFileParser/LOADING]: Found coremod shroom with Javascript path META-INF/asm/shroom.js
[15ene2025 14:42:24.452] [main/DEBUG] [net.minecraftforge.fml.loading.moddiscovery.ModFileParser/LOADING]: Found coremod cloud with Javascript path META-INF/asm/cloud.js
[15ene2025 14:42:24.452] [main/DEBUG] [net.minecraftforge.fml.loading.moddiscovery.ModFileParser/LOADING]: Found coremod lead with Javascript path META-INF/asm/lead.js
[15ene2025 14:42:24.452] [main/DEBUG] [net.minecraftforge.fml.loading.moddiscovery.ModFile/LOADING]: Found coremod META-INF/asm/seed.js
[15ene2025 14:42:24.452] [main/DEBUG] [net.minecraftforge.fml.loading.moddiscovery.ModFile/LOADING]: Found coremod META-INF/asm/maprendercontext.js
[15ene2025 14:42:24.452] [main/DEBUG] [net.minecraftforge.fml.loading.moddiscovery.ModFile/LOADING]: Found coremod META-INF/asm/music.js
[15ene2025 14:42:24.452] [main/DEBUG] [net.minecraftforge.fml.loading.moddiscovery.ModFile/LOADING]: Found coremod META-INF/asm/multipart.js
[15ene2025 14:42:24.452] [main/DEBUG] [net.minecraftforge.fml.loading.moddiscovery.ModFile/LOADING]: Found coremod META-INF/asm/foliage.js
[15ene2025 14:42:24.453] [main/DEBUG] [net.minecraftforge.fml.loading.moddiscovery.ModFile/LOADING]: Found coremod META-INF/asm/mount.js
[15ene2025 14:42:24.453] [main/DEBUG] [net.minecraftforge.fml.loading.moddiscovery.ModFile/LOADING]: Found coremod META-INF/asm/book.js
[15ene2025 14:42:24.453] [main/DEBUG] [net.minecraftforge.fml.loading.moddiscovery.ModFile/LOADING]: Found coremod META-INF/asm/conquered.js
[15ene2025 14:42:24.453] [main/DEBUG] [net.minecraftforge.fml.loading.moddiscovery.ModFile/LOADING]: Found coremod META-INF/asm/reach.js
[15ene2025 14:42:24.453] [main/DEBUG] [net.minecraftforge.fml.loading.moddiscovery.ModFile/LOADING]: Found coremod META-INF/asm/shroom.js
[15ene2025 14:42:24.453] [main/DEBUG] [net.minecraftforge.fml.loading.moddiscovery.ModFile/LOADING]: Found coremod META-INF/asm/cloud.js
[15ene2025 14:42:24.453] [main/DEBUG] [net.minecraftforge.fml.loading.moddiscovery.ModFile/LOADING]: Found coremod META-INF/asm/lead.js
[15ene2025 14:42:24.453] [main/DEBUG] [net.minecraftforge.fml.loading.moddiscovery.ModFileParser/LOADING]: Considering mod file candidate C:\Users\Daniel Aguirre\Documents\GitHub\makoto-community-server\mods\WhisperingSpirits-forge-1.20.1-v1.4.0.jar
[15ene2025 14:42:24.453] [main/DEBUG] [net.minecraftforge.fml.loading.moddiscovery.ModFileInfo/LOADING]: Found valid mod file WhisperingSpirits-forge-1.20.1-v1.4.0.jar with {whispering_spirits} mods - versions {1.4.0}
[15ene2025 14:42:24.453] [main/DEBUG] [net.minecraftforge.fml.loading.moddiscovery.ModFile/LOADING]: Loading mod file C:\Users\Daniel Aguirre\Documents\GitHub\makoto-community-server\mods\WhisperingSpirits-forge-1.20.1-v1.4.0.jar with languages [LanguageSpec[languageName=javafml, acceptedVersions=[47,)]]
[15ene2025 14:42:24.453] [main/DEBUG] [net.minecraftforge.fml.loading.moddiscovery.ModFileParser/LOADING]: Considering mod file candidate C:\Users\Daniel Aguirre\Documents\GitHub\makoto-community-server\mods\[1.20.1] SecurityCraft v1.9.12.jar
[15ene2025 14:42:24.454] [main/DEBUG] [net.minecraftforge.fml.loading.moddiscovery.ModFileInfo/LOADING]: Found valid mod file [1.20.1] SecurityCraft v1.9.12.jar with {securitycraft} mods - versions {1.9.12}
[15ene2025 14:42:24.454] [main/DEBUG] [net.minecraftforge.fml.loading.moddiscovery.ModFile/LOADING]: Loading mod file C:\Users\Daniel Aguirre\Documents\GitHub\makoto-community-server\mods\[1.20.1] SecurityCraft v1.9.12.jar with languages [LanguageSpec[languageName=javafml, acceptedVersions=[46,)]]
[15ene2025 14:42:24.454] [main/DEBUG] [net.minecraftforge.fml.loading.moddiscovery.ModFileParser/LOADING]: Considering mod file candidate C:\Users\Daniel Aguirre\Documents\GitHub\makoto-community-server\mods\decocraft-3.0.0.8.4-beta-1.20.1.jar
[15ene2025 14:42:24.455] [main/DEBUG] [net.minecraftforge.fml.loading.moddiscovery.ModFileInfo/LOADING]: Found valid mod file decocraft-3.0.0.8.4-beta-1.20.1.jar with {decocraft} mods - versions {3.0.0.8.4-beta-1.20.1}
[15ene2025 14:42:24.455] [main/DEBUG] [net.minecraftforge.fml.loading.moddiscovery.ModFile/LOADING]: Loading mod file C:\Users\Daniel Aguirre\Documents\GitHub\makoto-community-server\mods\decocraft-3.0.0.8.4-beta-1.20.1.jar with languages [LanguageSpec[languageName=javafml, acceptedVersions=[47,)]]
[15ene2025 14:42:24.455] [main/DEBUG] [net.minecraftforge.fml.loading.moddiscovery.ModFileParser/LOADING]: Considering mod file candidate C:\Users\Daniel Aguirre\Documents\GitHub\makoto-community-server\mods\DramaticDoors-QuiFabrge-1.20.1-3.2.8.jar
[15ene2025 14:42:24.455] [main/DEBUG] [net.minecraftforge.fml.loading.moddiscovery.ModFileInfo/LOADING]: Found valid mod file DramaticDoors-QuiFabrge-1.20.1-3.2.8.jar with {dramaticdoors} mods - versions {1.20.1-3.2.8}
[15ene2025 14:42:24.455] [main/DEBUG] [net.minecraftforge.fml.loading.moddiscovery.ModFile/LOADING]: Loading mod file C:\Users\Daniel Aguirre\Documents\GitHub\makoto-community-server\mods\DramaticDoors-QuiFabrge-1.20.1-3.2.8.jar with languages [LanguageSpec[languageName=javafml, acceptedVersions=[47,)]]
[15ene2025 14:42:24.455] [main/DEBUG] [net.minecraftforge.fml.loading.moddiscovery.ModFileParser/LOADING]: Considering mod file candidate C:\Users\Daniel Aguirre\Documents\GitHub\makoto-community-server\mods\modernlife-1.20.1-1.69.jar
[15ene2025 14:42:24.455] [main/DEBUG] [net.minecraftforge.fml.loading.moddiscovery.ModFileInfo/LOADING]: Found valid mod file modernlife-1.20.1-1.69.jar with {modernlife} mods - versions {1.20.1-1.69}
[15ene2025 14:42:24.457] [main/DEBUG] [net.minecraftforge.fml.loading.moddiscovery.ModFile/LOADING]: Loading mod file C:\Users\Daniel Aguirre\Documents\GitHub\makoto-community-server\mods\modernlife-1.20.1-1.69.jar with languages [LanguageSpec[languageName=javafml, acceptedVersions=[39,)]]
[15ene2025 14:42:24.458] [main/DEBUG] [cpw.mods.modlauncher.TransformationServiceDecorator/MODLAUNCHER]: End scan trigger - transformation service fml
[15ene2025 14:42:24.472] [main/DEBUG] [net.minecraftforge.fml.loading.LanguageLoadingProvider/CORE]: Found 3 language providers
[15ene2025 14:42:24.473] [main/DEBUG] [net.minecraftforge.fml.loading.LanguageLoadingProvider/CORE]: Found language provider minecraft, version 1.0
[15ene2025 14:42:24.474] [main/DEBUG] [net.minecraftforge.fml.loading.LanguageLoadingProvider/CORE]: Found language provider lowcodefml, version 47
[15ene2025 14:42:24.474] [main/DEBUG] [net.minecraftforge.fml.loading.LanguageLoadingProvider/CORE]: Found language provider javafml, version 47
[15ene2025 14:42:24.479] [main/DEBUG] [net.minecraftforge.fml.loading.ModSorter/]: Configured system mods: [minecraft, forge]
[15ene2025 14:42:24.479] [main/DEBUG] [net.minecraftforge.fml.loading.ModSorter/]: Found system mod: minecraft
[15ene2025 14:42:24.479] [main/DEBUG] [net.minecraftforge.fml.loading.ModSorter/]: Found system mod: forge
[15ene2025 14:42:24.482] [main/DEBUG] [net.minecraftforge.fml.loading.ModSorter/LOADING]: Found 22 mod requirements (14 mandatory, 8 optional)
[15ene2025 14:42:24.482] [main/DEBUG] [net.minecraftforge.fml.loading.ModSorter/LOADING]: Found 1 mod requirements missing (1 mandatory, 0 optional)
[15ene2025 14:42:24.483] [main/ERROR] [net.minecraftforge.fml.loading.ModSorter/LOADING]: Missing or unsupported mandatory dependencies:
	Mod ID: 'architectury', Requested by: 'enderitemod', Expected range: '[9.0.8,)', Actual version: '[MISSING]'
[15ene2025 14:42:24.992] [main/DEBUG] [cpw.mods.modlauncher.TransformationServicesHandler/MODLAUNCHER]: Transformation services loading transformers
[15ene2025 14:42:24.994] [main/DEBUG] [cpw.mods.modlauncher.TransformationServiceDecorator/MODLAUNCHER]: Initializing transformers for transformation service mixin
[15ene2025 14:42:24.995] [main/DEBUG] [cpw.mods.modlauncher.TransformationServiceDecorator/MODLAUNCHER]: Initialized transformers for transformation service mixin
[15ene2025 14:42:24.995] [main/DEBUG] [cpw.mods.modlauncher.TransformationServiceDecorator/MODLAUNCHER]: Initializing transformers for transformation service fml
[15ene2025 14:42:24.995] [main/DEBUG] [net.minecraftforge.fml.loading.FMLServiceProvider/CORE]: Loading coremod transformers
[15ene2025 14:42:24.996] [main/DEBUG] [net.minecraftforge.coremod.CoreModEngine/COREMOD]: Loading CoreMod from coremods/field_to_method.js
[15ene2025 14:42:25.375] [main/DEBUG] [net.minecraftforge.coremod.CoreModEngine/COREMOD]: CoreMod loaded successfully
[15ene2025 14:42:25.375] [main/DEBUG] [net.minecraftforge.coremod.CoreModEngine/COREMOD]: Loading CoreMod from coremods/field_to_instanceof.js
[15ene2025 14:42:25.488] [main/DEBUG] [net.minecraftforge.coremod.CoreModEngine/COREMOD]: CoreMod loaded successfully
[15ene2025 14:42:25.488] [main/DEBUG] [net.minecraftforge.coremod.CoreModEngine/COREMOD]: Loading CoreMod from coremods/add_bouncer_method.js
[15ene2025 14:42:25.538] [main/DEBUG] [net.minecraftforge.coremod.CoreModEngine/COREMOD]: CoreMod loaded successfully
[15ene2025 14:42:25.539] [main/DEBUG] [net.minecraftforge.coremod.CoreModEngine/COREMOD]: Loading CoreMod from coremods/method_redirector.js
[15ene2025 14:42:25.618] [main/DEBUG] [net.minecraftforge.coremod.CoreModEngine/COREMOD]: CoreMod loaded successfully
[15ene2025 14:42:25.635] [main/DEBUG] [cpw.mods.modlauncher.TransformStore/MODLAUNCHER]: Adding transformer net.minecraftforge.coremod.transformer.CoreModClassTransformer@577bf0aa to Target : CLASS {Lnet/minecraft/world/level/biome/Biome;} {} {V}
[15ene2025 14:42:25.639] [main/DEBUG] [cpw.mods.modlauncher.TransformStore/MODLAUNCHER]: Adding transformer net.minecraftforge.coremod.transformer.CoreModClassTransformer@52bd9a27 to Target : CLASS {Lnet/minecraft/world/level/levelgen/structure/Structure;} {} {V}
[15ene2025 14:42:25.639] [main/DEBUG] [cpw.mods.modlauncher.TransformStore/MODLAUNCHER]: Adding transformer net.minecraftforge.coremod.transformer.CoreModClassTransformer@611e5819 to Target : CLASS {Lnet/minecraft/world/effect/MobEffectInstance;} {} {V}
[15ene2025 14:42:25.640] [main/DEBUG] [cpw.mods.modlauncher.TransformStore/MODLAUNCHER]: Adding transformer net.minecraftforge.coremod.transformer.CoreModClassTransformer@681c0ae6 to Target : CLASS {Lnet/minecraft/world/level/block/LiquidBlock;} {} {V}
[15ene2025 14:42:25.640] [main/DEBUG] [cpw.mods.modlauncher.TransformStore/MODLAUNCHER]: Adding transformer net.minecraftforge.coremod.transformer.CoreModClassTransformer@73ca34e7 to Target : CLASS {Lnet/minecraft/world/item/BucketItem;} {} {V}
[15ene2025 14:42:25.640] [main/DEBUG] [cpw.mods.modlauncher.TransformStore/MODLAUNCHER]: Adding transformer net.minecraftforge.coremod.transformer.CoreModClassTransformer@4d98e41b to Target : CLASS {Lnet/minecraft/world/level/block/StairBlock;} {} {V}
[15ene2025 14:42:25.640] [main/DEBUG] [cpw.mods.modlauncher.TransformStore/MODLAUNCHER]: Adding transformer net.minecraftforge.coremod.transformer.CoreModClassTransformer@5ed5b321 to Target : CLASS {Lnet/minecraft/world/level/block/FlowerPotBlock;} {} {V}
[15ene2025 14:42:25.640] [main/DEBUG] [cpw.mods.modlauncher.TransformStore/MODLAUNCHER]: Adding transformer net.minecraftforge.coremod.transformer.CoreModClassTransformer@5696c927 to Target : CLASS {Lnet/minecraft/world/item/ItemStack;} {} {V}
[15ene2025 14:42:25.640] [main/DEBUG] [cpw.mods.modlauncher.TransformStore/MODLAUNCHER]: Adding transformer net.minecraftforge.coremod.transformer.CoreModClassTransformer@7459a21e to Target : CLASS {Lnet/minecraft/network/play/client/CClientSettingsPacket;} {} {V}
[15ene2025 14:42:25.640] [main/DEBUG] [cpw.mods.modlauncher.TransformStore/MODLAUNCHER]: Adding transformer net.minecraftforge.coremod.transformer.CoreModClassTransformer@7eeb38b2 to Target : CLASS {Lnet/minecraft/world/entity/monster/Strider;} {} {V}
[15ene2025 14:42:25.640] [main/DEBUG] [cpw.mods.modlauncher.TransformStore/MODLAUNCHER]: Adding transformer net.minecraftforge.coremod.transformer.CoreModClassTransformer@7eeb38b2 to Target : CLASS {Lnet/minecraft/server/commands/RaidCommand;} {} {V}
[15ene2025 14:42:25.640] [main/DEBUG] [cpw.mods.modlauncher.TransformStore/MODLAUNCHER]: Adding transformer net.minecraftforge.coremod.transformer.CoreModClassTransformer@7eeb38b2 to Target : CLASS {Lnet/minecraft/world/level/levelgen/structure/structures/OceanMonumentPieces$OceanMonumentPiece;} {} {V}
[15ene2025 14:42:25.640] [main/DEBUG] [cpw.mods.modlauncher.TransformStore/MODLAUNCHER]: Adding transformer net.minecraftforge.coremod.transformer.CoreModClassTransformer@7eeb38b2 to Target : CLASS {Lnet/minecraft/world/level/levelgen/PatrolSpawner;} {} {V}
[15ene2025 14:42:25.640] [main/DEBUG] [cpw.mods.modlauncher.TransformStore/MODLAUNCHER]: Adding transformer net.minecraftforge.coremod.transformer.CoreModClassTransformer@7eeb38b2 to Target : CLASS {Lnet/minecraft/world/level/levelgen/structure/structures/WoodlandMansionPieces$WoodlandMansionPiece;} {} {V}
[15ene2025 14:42:25.641] [main/DEBUG] [cpw.mods.modlauncher.TransformStore/MODLAUNCHER]: Adding transformer net.minecraftforge.coremod.transformer.CoreModClassTransformer@7eeb38b2 to Target : CLASS {Lnet/minecraft/world/entity/animal/horse/SkeletonTrapGoal;} {} {V}
[15ene2025 14:42:25.641] [main/DEBUG] [cpw.mods.modlauncher.TransformStore/MODLAUNCHER]: Adding transformer net.minecraftforge.coremod.transformer.CoreModClassTransformer@7eeb38b2 to Target : CLASS {Lnet/minecraft/world/entity/monster/Zombie;} {} {V}
[15ene2025 14:42:25.641] [main/DEBUG] [cpw.mods.modlauncher.TransformStore/MODLAUNCHER]: Adding transformer net.minecraftforge.coremod.transformer.CoreModClassTransformer@7eeb38b2 to Target : CLASS {Lnet/minecraft/world/entity/animal/frog/Tadpole;} {} {V}
[15ene2025 14:42:25.641] [main/DEBUG] [cpw.mods.modlauncher.TransformStore/MODLAUNCHER]: Adding transformer net.minecraftforge.coremod.transformer.CoreModClassTransformer@7eeb38b2 to Target : CLASS {Lnet/minecraft/world/entity/npc/CatSpawner;} {} {V}
[15ene2025 14:42:25.641] [main/DEBUG] [cpw.mods.modlauncher.TransformStore/MODLAUNCHER]: Adding transformer net.minecraftforge.coremod.transformer.CoreModClassTransformer@7eeb38b2 to Target : CLASS {Lnet/minecraft/server/commands/SummonCommand;} {} {V}
[15ene2025 14:42:25.641] [main/DEBUG] [cpw.mods.modlauncher.TransformStore/MODLAUNCHER]: Adding transformer net.minecraftforge.coremod.transformer.CoreModClassTransformer@7eeb38b2 to Target : CLASS {Lnet/minecraft/world/entity/monster/Evoker$EvokerSummonSpellGoal;} {} {V}
[15ene2025 14:42:25.641] [main/DEBUG] [cpw.mods.modlauncher.TransformStore/MODLAUNCHER]: Adding transformer net.minecraftforge.coremod.transformer.CoreModClassTransformer@7eeb38b2 to Target : CLASS {Lnet/minecraft/world/entity/raid/Raid;} {} {V}
[15ene2025 14:42:25.641] [main/DEBUG] [cpw.mods.modlauncher.TransformStore/MODLAUNCHER]: Adding transformer net.minecraftforge.coremod.transformer.CoreModClassTransformer@7eeb38b2 to Target : CLASS {Lnet/minecraft/world/level/levelgen/structure/templatesystem/StructureTemplate;} {} {V}
[15ene2025 14:42:25.641] [main/DEBUG] [cpw.mods.modlauncher.TransformStore/MODLAUNCHER]: Adding transformer net.minecraftforge.coremod.transformer.CoreModClassTransformer@7eeb38b2 to Target : CLASS {Lnet/minecraft/world/entity/monster/ZombieVillager;} {} {V}
[15ene2025 14:42:25.641] [main/DEBUG] [cpw.mods.modlauncher.TransformStore/MODLAUNCHER]: Adding transformer net.minecraftforge.coremod.transformer.CoreModClassTransformer@7eeb38b2 to Target : CLASS {Lnet/minecraft/world/level/NaturalSpawner;} {} {V}
[15ene2025 14:42:25.641] [main/DEBUG] [cpw.mods.modlauncher.TransformStore/MODLAUNCHER]: Adding transformer net.minecraftforge.coremod.transformer.CoreModClassTransformer@7eeb38b2 to Target : CLASS {Lnet/minecraft/world/entity/EntityType;} {} {V}
[15ene2025 14:42:25.641] [main/DEBUG] [cpw.mods.modlauncher.TransformStore/MODLAUNCHER]: Adding transformer net.minecraftforge.coremod.transformer.CoreModClassTransformer@7eeb38b2 to Target : CLASS {Lnet/minecraft/world/level/levelgen/PhantomSpawner;} {} {V}
[15ene2025 14:42:25.641] [main/DEBUG] [cpw.mods.modlauncher.TransformStore/MODLAUNCHER]: Adding transformer net.minecraftforge.coremod.transformer.CoreModClassTransformer@7eeb38b2 to Target : CLASS {Lnet/minecraft/world/level/levelgen/structure/structures/OceanRuinPieces$OceanRuinPiece;} {} {V}
[15ene2025 14:42:25.641] [main/DEBUG] [cpw.mods.modlauncher.TransformStore/MODLAUNCHER]: Adding transformer net.minecraftforge.coremod.transformer.CoreModClassTransformer@7eeb38b2 to Target : CLASS {Lnet/minecraft/world/entity/npc/Villager;} {} {V}
[15ene2025 14:42:25.641] [main/DEBUG] [cpw.mods.modlauncher.TransformStore/MODLAUNCHER]: Adding transformer net.minecraftforge.coremod.transformer.CoreModClassTransformer@7eeb38b2 to Target : CLASS {Lnet/minecraft/world/entity/monster/Spider;} {} {V}
[15ene2025 14:42:25.642] [main/DEBUG] [cpw.mods.modlauncher.TransformStore/MODLAUNCHER]: Adding transformer net.minecraftforge.coremod.transformer.CoreModClassTransformer@7eeb38b2 to Target : CLASS {Lnet/minecraft/world/level/levelgen/structure/structures/SwampHutPiece;} {} {V}
[15ene2025 14:42:25.642] [main/DEBUG] [cpw.mods.modlauncher.TransformStore/MODLAUNCHER]: Adding transformer net.minecraftforge.coremod.transformer.CoreModClassTransformer@7eeb38b2 to Target : CLASS {Lnet/minecraft/world/entity/ai/village/VillageSiege;} {} {V}
[15ene2025 14:42:25.642] [main/DEBUG] [cpw.mods.modlauncher.TransformationServiceDecorator/MODLAUNCHER]: Initialized transformers for transformation service fml
[15ene2025 14:42:26.185] [main/DEBUG] [mixin/]: Processing prepare() for PlatformAgent[MixinPlatformAgentDefault:ModLauncher Root Container(ModLauncher:4f56a0a2)]
[15ene2025 14:42:26.185] [main/DEBUG] [mixin/]: Processing launch tasks for PlatformAgent[MixinPlatformAgentDefault:ModLauncher Root Container(ModLauncher:4f56a0a2)]
[15ene2025 14:42:26.186] [main/DEBUG] [mixin/]: Adding mixin platform agents for container SecureJarResource(enderitemod)
[15ene2025 14:42:26.186] [main/DEBUG] [mixin/]: Instancing new MixinPlatformAgentMinecraftForge for SecureJarResource(enderitemod)
[15ene2025 14:42:26.186] [main/DEBUG] [mixin/]: MixinPlatformAgentMinecraftForge rejected container SecureJarResource(enderitemod)
[15ene2025 14:42:26.186] [main/DEBUG] [mixin/]: Instancing new MixinPlatformAgentDefault for SecureJarResource(enderitemod)
[15ene2025 14:42:26.186] [main/DEBUG] [mixin/]: MixinPlatformAgentDefault accepted container SecureJarResource(enderitemod)
[15ene2025 14:42:26.186] [main/DEBUG] [mixin/]: Processing prepare() for PlatformAgent[MixinPlatformAgentDefault:SecureJarResource(enderitemod)]
[15ene2025 14:42:26.187] [main/DEBUG] [mixin/]: Registering mixin config: enderitemod-common.mixins.json
[15ene2025 14:42:26.229] [main/DEBUG] [mixin/]: Compatibility level JAVA_17 specified by enderitemod-common.mixins.json is higher than the maximum level supported by this version of mixin (JAVA_13).
[15ene2025 14:42:26.238] [main/INFO] [mixin/]: Compatibility level set to JAVA_17
[15ene2025 14:42:26.239] [main/DEBUG] [mixin/]: Registering mixin config: enderitemod.mixins.json
[15ene2025 14:42:26.240] [main/DEBUG] [mixin/]: Adding mixin platform agents for container SecureJarResource(minecraft)
[15ene2025 14:42:26.240] [main/DEBUG] [mixin/]: Instancing new MixinPlatformAgentMinecraftForge for SecureJarResource(minecraft)
[15ene2025 14:42:26.241] [main/DEBUG] [mixin/]: MixinPlatformAgentMinecraftForge rejected container SecureJarResource(minecraft)
[15ene2025 14:42:26.241] [main/DEBUG] [mixin/]: Instancing new MixinPlatformAgentDefault for SecureJarResource(minecraft)
[15ene2025 14:42:26.241] [main/DEBUG] [mixin/]: MixinPlatformAgentDefault accepted container SecureJarResource(minecraft)
[15ene2025 14:42:26.241] [main/DEBUG] [mixin/]: Processing prepare() for PlatformAgent[MixinPlatformAgentDefault:SecureJarResource(minecraft)]
[15ene2025 14:42:26.241] [main/DEBUG] [mixin/]: Adding mixin platform agents for container SecureJarResource(lionfishapi)
[15ene2025 14:42:26.241] [main/DEBUG] [mixin/]: Instancing new MixinPlatformAgentMinecraftForge for SecureJarResource(lionfishapi)
[15ene2025 14:42:26.241] [main/DEBUG] [mixin/]: MixinPlatformAgentMinecraftForge rejected container SecureJarResource(lionfishapi)
[15ene2025 14:42:26.241] [main/DEBUG] [mixin/]: Instancing new MixinPlatformAgentDefault for SecureJarResource(lionfishapi)
[15ene2025 14:42:26.241] [main/DEBUG] [mixin/]: MixinPlatformAgentDefault accepted container SecureJarResource(lionfishapi)
[15ene2025 14:42:26.241] [main/DEBUG] [mixin/]: Processing prepare() for PlatformAgent[MixinPlatformAgentDefault:SecureJarResource(lionfishapi)]
[15ene2025 14:42:26.241] [main/DEBUG] [mixin/]: Registering mixin config: lionfishapi.mixins.json
[15ene2025 14:42:26.242] [main/DEBUG] [mixin/]: Adding mixin platform agents for container SecureJarResource(forge)
[15ene2025 14:42:26.242] [main/DEBUG] [mixin/]: Instancing new MixinPlatformAgentMinecraftForge for SecureJarResource(forge)
[15ene2025 14:42:26.242] [main/DEBUG] [mixin/]: MixinPlatformAgentMinecraftForge rejected container SecureJarResource(forge)
[15ene2025 14:42:26.242] [main/DEBUG] [mixin/]: Instancing new MixinPlatformAgentDefault for SecureJarResource(forge)
[15ene2025 14:42:26.242] [main/DEBUG] [mixin/]: MixinPlatformAgentDefault accepted container SecureJarResource(forge)
[15ene2025 14:42:26.242] [main/DEBUG] [mixin/]: Processing prepare() for PlatformAgent[MixinPlatformAgentDefault:SecureJarResource(forge)]
[15ene2025 14:42:26.242] [main/DEBUG] [mixin/]: Adding mixin platform agents for container SecureJarResource(cataclysm)
[15ene2025 14:42:26.242] [main/DEBUG] [mixin/]: Instancing new MixinPlatformAgentMinecraftForge for SecureJarResource(cataclysm)
[15ene2025 14:42:26.242] [main/DEBUG] [mixin/]: MixinPlatformAgentMinecraftForge rejected container SecureJarResource(cataclysm)
[15ene2025 14:42:26.242] [main/DEBUG] [mixin/]: Instancing new MixinPlatformAgentDefault for SecureJarResource(cataclysm)
[15ene2025 14:42:26.242] [main/DEBUG] [mixin/]: MixinPlatformAgentDefault accepted container SecureJarResource(cataclysm)
[15ene2025 14:42:26.242] [main/DEBUG] [mixin/]: Processing prepare() for PlatformAgent[MixinPlatformAgentDefault:SecureJarResource(cataclysm)]
[15ene2025 14:42:26.242] [main/DEBUG] [mixin/]: Registering mixin config: lionfishapi.mixins.json
[15ene2025 14:42:26.242] [main/DEBUG] [mixin/]: Registering mixin config: cataclysm.mixins.json
[15ene2025 14:42:26.244] [main/DEBUG] [mixin/]: Adding mixin platform agents for container SecureJarResource(twilightforest)
[15ene2025 14:42:26.244] [main/DEBUG] [mixin/]: Instancing new MixinPlatformAgentMinecraftForge for SecureJarResource(twilightforest)
[15ene2025 14:42:26.244] [main/DEBUG] [mixin/]: MixinPlatformAgentMinecraftForge rejected container SecureJarResource(twilightforest)
[15ene2025 14:42:26.244] [main/DEBUG] [mixin/]: Instancing new MixinPlatformAgentDefault for SecureJarResource(twilightforest)
[15ene2025 14:42:26.244] [main/DEBUG] [mixin/]: MixinPlatformAgentDefault accepted container SecureJarResource(twilightforest)
[15ene2025 14:42:26.244] [main/DEBUG] [mixin/]: Processing prepare() for PlatformAgent[MixinPlatformAgentDefault:SecureJarResource(twilightforest)]
[15ene2025 14:42:26.244] [main/DEBUG] [mixin/]: Adding mixin platform agents for container SecureJarResource(whispering_spirits)
[15ene2025 14:42:26.244] [main/DEBUG] [mixin/]: Instancing new MixinPlatformAgentMinecraftForge for SecureJarResource(whispering_spirits)
[15ene2025 14:42:26.244] [main/DEBUG] [mixin/]: MixinPlatformAgentMinecraftForge rejected container SecureJarResource(whispering_spirits)
[15ene2025 14:42:26.244] [main/DEBUG] [mixin/]: Instancing new MixinPlatformAgentDefault for SecureJarResource(whispering_spirits)
[15ene2025 14:42:26.244] [main/DEBUG] [mixin/]: MixinPlatformAgentDefault accepted container SecureJarResource(whispering_spirits)
[15ene2025 14:42:26.244] [main/DEBUG] [mixin/]: Processing prepare() for PlatformAgent[MixinPlatformAgentDefault:SecureJarResource(whispering_spirits)]
[15ene2025 14:42:26.244] [main/DEBUG] [mixin/]: Adding mixin platform agents for container SecureJarResource(securitycraft)
[15ene2025 14:42:26.244] [main/DEBUG] [mixin/]: Instancing new MixinPlatformAgentMinecraftForge for SecureJarResource(securitycraft)
[15ene2025 14:42:26.245] [main/DEBUG] [mixin/]: MixinPlatformAgentMinecraftForge rejected container SecureJarResource(securitycraft)
[15ene2025 14:42:26.245] [main/DEBUG] [mixin/]: Instancing new MixinPlatformAgentDefault for SecureJarResource(securitycraft)
[15ene2025 14:42:26.245] [main/DEBUG] [mixin/]: MixinPlatformAgentDefault accepted container SecureJarResource(securitycraft)
[15ene2025 14:42:26.245] [main/DEBUG] [mixin/]: Processing prepare() for PlatformAgent[MixinPlatformAgentDefault:SecureJarResource(securitycraft)]
[15ene2025 14:42:26.245] [main/DEBUG] [mixin/]: Registering mixin config: securitycraft.mixins.json
[15ene2025 14:42:26.245] [main/DEBUG] [mixin/]: Adding mixin platform agents for container SecureJarResource(decocraft)
[15ene2025 14:42:26.245] [main/DEBUG] [mixin/]: Instancing new MixinPlatformAgentMinecraftForge for SecureJarResource(decocraft)
[15ene2025 14:42:26.245] [main/DEBUG] [mixin/]: MixinPlatformAgentMinecraftForge rejected container SecureJarResource(decocraft)
[15ene2025 14:42:26.245] [main/DEBUG] [mixin/]: Instancing new MixinPlatformAgentDefault for SecureJarResource(decocraft)
[15ene2025 14:42:26.245] [main/DEBUG] [mixin/]: MixinPlatformAgentDefault accepted container SecureJarResource(decocraft)
[15ene2025 14:42:26.245] [main/DEBUG] [mixin/]: Processing prepare() for PlatformAgent[MixinPlatformAgentDefault:SecureJarResource(decocraft)]
[15ene2025 14:42:26.245] [main/DEBUG] [mixin/]: Adding mixin platform agents for container SecureJarResource(dramaticdoors)
[15ene2025 14:42:26.245] [main/DEBUG] [mixin/]: Instancing new MixinPlatformAgentMinecraftForge for SecureJarResource(dramaticdoors)
[15ene2025 14:42:26.245] [main/DEBUG] [mixin/]: MixinPlatformAgentMinecraftForge rejected container SecureJarResource(dramaticdoors)
[15ene2025 14:42:26.245] [main/DEBUG] [mixin/]: Instancing new MixinPlatformAgentDefault for SecureJarResource(dramaticdoors)
[15ene2025 14:42:26.247] [main/DEBUG] [mixin/]: MixinPlatformAgentDefault accepted container SecureJarResource(dramaticdoors)
[15ene2025 14:42:26.247] [main/DEBUG] [mixin/]: Processing prepare() for PlatformAgent[MixinPlatformAgentDefault:SecureJarResource(dramaticdoors)]
[15ene2025 14:42:26.247] [main/DEBUG] [mixin/]: Registering mixin config: forge-dramaticdoors_forge.mixins.json
[15ene2025 14:42:26.247] [main/DEBUG] [mixin/]: Adding mixin platform agents for container SecureJarResource(modernlife)
[15ene2025 14:42:26.247] [main/DEBUG] [mixin/]: Instancing new MixinPlatformAgentMinecraftForge for SecureJarResource(modernlife)
[15ene2025 14:42:26.247] [main/DEBUG] [mixin/]: MixinPlatformAgentMinecraftForge rejected container SecureJarResource(modernlife)
[15ene2025 14:42:26.248] [main/DEBUG] [mixin/]: Instancing new MixinPlatformAgentDefault for SecureJarResource(modernlife)
[15ene2025 14:42:26.248] [main/DEBUG] [mixin/]: MixinPlatformAgentDefault accepted container SecureJarResource(modernlife)
[15ene2025 14:42:26.248] [main/DEBUG] [mixin/]: Processing prepare() for PlatformAgent[MixinPlatformAgentDefault:SecureJarResource(modernlife)]
[15ene2025 14:42:26.248] [main/DEBUG] [mixin/]: inject() running with 12 agents
[15ene2025 14:42:26.248] [main/DEBUG] [mixin/]: Processing inject() for PlatformAgent[MixinPlatformAgentDefault:ModLauncher Root Container(ModLauncher:4f56a0a2)]
[15ene2025 14:42:26.248] [main/DEBUG] [mixin/]: Processing inject() for PlatformAgent[MixinPlatformAgentDefault:SecureJarResource(enderitemod)]
[15ene2025 14:42:26.248] [main/DEBUG] [mixin/]: Processing inject() for PlatformAgent[MixinPlatformAgentDefault:SecureJarResource(minecraft)]
[15ene2025 14:42:26.248] [main/DEBUG] [mixin/]: Processing inject() for PlatformAgent[MixinPlatformAgentDefault:SecureJarResource(lionfishapi)]
[15ene2025 14:42:26.248] [main/DEBUG] [mixin/]: Processing inject() for PlatformAgent[MixinPlatformAgentDefault:SecureJarResource(forge)]
[15ene2025 14:42:26.248] [main/DEBUG] [mixin/]: Processing inject() for PlatformAgent[MixinPlatformAgentDefault:SecureJarResource(cataclysm)]
[15ene2025 14:42:26.248] [main/DEBUG] [mixin/]: Processing inject() for PlatformAgent[MixinPlatformAgentDefault:SecureJarResource(twilightforest)]
[15ene2025 14:42:26.248] [main/DEBUG] [mixin/]: Processing inject() for PlatformAgent[MixinPlatformAgentDefault:SecureJarResource(whispering_spirits)]
[15ene2025 14:42:26.248] [main/DEBUG] [mixin/]: Processing inject() for PlatformAgent[MixinPlatformAgentDefault:SecureJarResource(securitycraft)]
[15ene2025 14:42:26.248] [main/DEBUG] [mixin/]: Processing inject() for PlatformAgent[MixinPlatformAgentDefault:SecureJarResource(decocraft)]
[15ene2025 14:42:26.248] [main/DEBUG] [mixin/]: Processing inject() for PlatformAgent[MixinPlatformAgentDefault:SecureJarResource(dramaticdoors)]
[15ene2025 14:42:26.248] [main/DEBUG] [mixin/]: Processing inject() for PlatformAgent[MixinPlatformAgentDefault:SecureJarResource(modernlife)]
[15ene2025 14:42:26.249] [main/INFO] [cpw.mods.modlauncher.LaunchServiceHandler/MODLAUNCHER]: Launching target 'forgeserver' with arguments []
[15ene2025 14:42:26.318] [main/DEBUG] [mixin/]: Error cleaning class output directory: .mixin.out
[15ene2025 14:42:26.322] [main/DEBUG] [mixin/]: Preparing mixins for MixinEnvironment[DEFAULT]
[15ene2025 14:42:26.322] [main/DEBUG] [mixin/]: Selecting config enderitemod-common.mixins.json
[15ene2025 14:42:26.329] [main/DEBUG] [mixin/]: Selecting config enderitemod.mixins.json
[15ene2025 14:42:26.330] [main/WARN] [mixin/]: Reference map 'enderitemod-forge-refmap.json' for enderitemod.mixins.json could not be read. If this is a development environment you can ignore this message
[15ene2025 14:42:26.330] [main/DEBUG] [mixin/]: Selecting config lionfishapi.mixins.json
[15ene2025 14:42:26.331] [main/DEBUG] [mixin/]: Selecting config cataclysm.mixins.json
[15ene2025 14:42:26.331] [main/DEBUG] [mixin/]: Selecting config securitycraft.mixins.json
[15ene2025 14:42:26.332] [main/DEBUG] [mixin/]: Selecting config forge-dramaticdoors_forge.mixins.json
[15ene2025 14:42:26.483] [main/WARN] [net.minecraftforge.common.ForgeConfigSpec/CORE]: Configuration file C:\Users\Daniel Aguirre\Documents\GitHub\makoto-community-server\config\dramaticdoors-common.toml is not correct. Correcting
[15ene2025 14:42:26.485] [main/WARN] [net.minecraftforge.common.ForgeConfigSpec/CORE]: Incorrect key Experimental was corrected from null to its default, SimpleCommentedConfig:{}. 
[15ene2025 14:42:26.487] [main/WARN] [net.minecraftforge.common.ForgeConfigSpec/CORE]: Incorrect key Experimental.dev_mode was corrected from null to its default, false. 
[15ene2025 14:42:26.487] [main/DEBUG] [net.minecraftforge.common.ForgeConfigSpec/CORE]: The comment on key Experimental.dev_mode does not match the spec. This may create a backup.
[15ene2025 14:42:26.487] [main/DEBUG] [net.minecraftforge.common.ForgeConfigSpec/CORE]: The comment on key Experimental does not match the spec. This may create a backup.
[15ene2025 14:42:26.489] [main/WARN] [net.minecraftforge.common.ForgeConfigSpec/CORE]: Incorrect key Mixins was corrected from null to its default, SimpleCommentedConfig:{}. 
[15ene2025 14:42:26.489] [main/WARN] [net.minecraftforge.common.ForgeConfigSpec/CORE]: Incorrect key Mixins.waterloggable_doors was corrected from null to its default, true. 
[15ene2025 14:42:26.490] [main/DEBUG] [net.minecraftforge.common.ForgeConfigSpec/CORE]: The comment on key Mixins.waterloggable_doors does not match the spec. This may create a backup.
[15ene2025 14:42:26.490] [main/WARN] [net.minecraftforge.common.ForgeConfigSpec/CORE]: Incorrect key Mixins.waterloggable_fence_gates was corrected from null to its default, true. 
[15ene2025 14:42:26.490] [main/DEBUG] [net.minecraftforge.common.ForgeConfigSpec/CORE]: The comment on key Mixins.waterloggable_fence_gates does not match the spec. This may create a backup.
[15ene2025 14:42:26.499] [main/DEBUG] [mixin/]: Preparing enderitemod-common.mixins.json (20)
[15ene2025 14:42:26.662] [main/DEBUG] [mixin/]: Preparing enderitemod.mixins.json (0)
[15ene2025 14:42:26.662] [main/DEBUG] [mixin/]: Preparing lionfishapi.mixins.json (2)
[15ene2025 14:42:26.682] [main/DEBUG] [mixin/]: Preparing cataclysm.mixins.json (21)
[15ene2025 14:42:26.702] [main/DEBUG] [net.minecraftforge.coremod.transformer.CoreModBaseTransformer/COREMOD]: Transforming net/minecraft/world/level/levelgen/structure/templatesystem/StructureTemplate
[15ene2025 14:42:26.947] [main/DEBUG] [mixin/]: Preparing securitycraft.mixins.json (19)
[15ene2025 14:42:26.991] [main/DEBUG] [mixin/]: Preparing forge-dramaticdoors_forge.mixins.json (16)
[15ene2025 14:42:27.010] [main/DEBUG] [net.minecraftforge.coremod.transformer.CoreModBaseTransformer/COREMOD]: Transforming net/minecraft/world/entity/npc/Villager
[15ene2025 14:42:27.104] [main/DEBUG] [mixin/]: Registering new injector for @Inject with org.spongepowered.asm.mixin.injection.struct.CallbackInjectionInfo
[15ene2025 14:42:27.108] [main/DEBUG] [mixin/]: Registering new injector for @ModifyArg with org.spongepowered.asm.mixin.injection.struct.ModifyArgInjectionInfo
[15ene2025 14:42:27.109] [main/DEBUG] [mixin/]: Registering new injector for @ModifyArgs with org.spongepowered.asm.mixin.injection.struct.ModifyArgsInjectionInfo
[15ene2025 14:42:27.111] [main/DEBUG] [mixin/]: Registering new injector for @Redirect with org.spongepowered.asm.mixin.injection.struct.RedirectInjectionInfo
[15ene2025 14:42:27.113] [main/DEBUG] [mixin/]: Registering new injector for @ModifyVariable with org.spongepowered.asm.mixin.injection.struct.ModifyVariableInjectionInfo
[15ene2025 14:42:27.116] [main/DEBUG] [mixin/]: Registering new injector for @ModifyConstant with org.spongepowered.asm.mixin.injection.struct.ModifyConstantInjectionInfo
[15ene2025 14:42:27.159] [main/DEBUG] [mixin/]: Prepared 55 mixins in 0,836 sec (15,2ms avg) (0ms load, 0ms transform, 0ms plugin)
[15ene2025 14:42:27.221] [main/DEBUG] [io.netty.util.internal.logging.InternalLoggerFactory/]: Using SLF4J as the default logging framework
[15ene2025 14:42:27.232] [main/DEBUG] [io.netty.util.ResourceLeakDetector/]: -Dio.netty.leakDetection.level: simple
[15ene2025 14:42:27.232] [main/DEBUG] [io.netty.util.ResourceLeakDetector/]: -Dio.netty.leakDetection.targetRecords: 4
[15ene2025 14:42:27.640] [main/DEBUG] [oshi.util.FileUtil/]: No oshi.properties file found from ClassLoader cpw.mods.modlauncher.TransformingClassLoader@7df6d663
[15ene2025 14:42:28.042] [main/DEBUG] [oshi.util.FileUtil/]: No oshi.architecture.properties file found from ClassLoader cpw.mods.modlauncher.TransformingClassLoader@7df6d663
[15ene2025 14:42:28.682] [main/INFO] [org.magmafoundation.magma.protect.InjectProtect/]: Booting up InjectProtect
[15ene2025 14:42:28.815] [main/DEBUG] [mixin/]: Mixing BlockLootMixin from forge-dramaticdoors_forge.mixins.json into net.minecraft.world.level.block.state.BlockBehaviour
[15ene2025 14:42:28.989] [main/DEBUG] [mixin/]: Mixing EntityMixin from lionfishapi.mixins.json into net.minecraft.world.entity.Entity
[15ene2025 14:42:29.071] [main/DEBUG] [mixin/]: Mixing MobEntityMixin from enderitemod-common.mixins.json into net.minecraft.world.entity.LivingEntity
[15ene2025 14:42:29.072] [main/WARN] [mixin/]: Error loading class: dev/architectury/registry/registries/RegistrySupplier (java.lang.ClassNotFoundException: dev.architectury.registry.registries.RegistrySupplier)
[15ene2025 14:42:29.075] [main/WARN] [org.magmafoundation.magma.protect.InjectProtect/]: Caught exception during server boot phase, shutting down server
org.spongepowered.asm.mixin.throwables.ClassMetadataNotFoundException: dev.architectury.registry.registries.RegistrySupplier
	at org.spongepowered.asm.mixin.transformer.MixinPreProcessorStandard.transformMethod(MixinPreProcessorStandard.java:754) ~[mixin-0.8.5.jar:0.8.5+Jenkins-b310.git-155314e6e91465dad727e621a569906a410cd6f4]
	at org.spongepowered.asm.mixin.transformer.MixinPreProcessorStandard.transform(MixinPreProcessorStandard.java:739) ~[mixin-0.8.5.jar:0.8.5+Jenkins-b310.git-155314e6e91465dad727e621a569906a410cd6f4]
	at org.spongepowered.asm.mixin.transformer.MixinPreProcessorStandard.attach(MixinPreProcessorStandard.java:310) ~[mixin-0.8.5.jar:0.8.5+Jenkins-b310.git-155314e6e91465dad727e621a569906a410cd6f4]
	at org.spongepowered.asm.mixin.transformer.MixinPreProcessorStandard.createContextFor(MixinPreProcessorStandard.java:280) ~[mixin-0.8.5.jar:0.8.5+Jenkins-b310.git-155314e6e91465dad727e621a569906a410cd6f4]
	at org.spongepowered.asm.mixin.transformer.MixinInfo.createContextFor(MixinInfo.java:1288) ~[mixin-0.8.5.jar:0.8.5+Jenkins-b310.git-155314e6e91465dad727e621a569906a410cd6f4]
	at org.spongepowered.asm.mixin.transformer.MixinApplicatorStandard.apply(MixinApplicatorStandard.java:292) ~[mixin-0.8.5.jar:0.8.5+Jenkins-b310.git-155314e6e91465dad727e621a569906a410cd6f4]
	at org.spongepowered.asm.mixin.transformer.TargetClassContext.apply(TargetClassContext.java:383) ~[mixin-0.8.5.jar:0.8.5+Jenkins-b310.git-155314e6e91465dad727e621a569906a410cd6f4]
	at org.spongepowered.asm.mixin.transformer.TargetClassContext.applyMixins(TargetClassContext.java:365) ~[mixin-0.8.5.jar:0.8.5+Jenkins-b310.git-155314e6e91465dad727e621a569906a410cd6f4]
	at org.spongepowered.asm.mixin.transformer.MixinProcessor.applyMixins(MixinProcessor.java:363) ~[mixin-0.8.5.jar:0.8.5+Jenkins-b310.git-155314e6e91465dad727e621a569906a410cd6f4]
	at org.spongepowered.asm.mixin.transformer.MixinTransformer.transformClass(MixinTransformer.java:250) ~[mixin-0.8.5.jar:0.8.5+Jenkins-b310.git-155314e6e91465dad727e621a569906a410cd6f4]
	at org.spongepowered.asm.service.modlauncher.MixinTransformationHandler.processClass(MixinTransformationHandler.java:131) ~[mixin-0.8.5.jar:0.8.5+Jenkins-b310.git-155314e6e91465dad727e621a569906a410cd6f4]
	at org.spongepowered.asm.launch.MixinLaunchPluginLegacy.processClass(MixinLaunchPluginLegacy.java:131) ~[mixin-0.8.5.jar:0.8.5+Jenkins-b310.git-155314e6e91465dad727e621a569906a410cd6f4]
	at cpw.mods.modlauncher.serviceapi.ILaunchPluginService.processClassWithFlags(ILaunchPluginService.java:156) ~[modlauncher-10.0.9.jar:10.0.9+10.0.9+main.dcd20f30]
	at cpw.mods.modlauncher.LaunchPluginHandler.offerClassNodeToPlugins(LaunchPluginHandler.java:88) ~[modlauncher-10.0.9.jar:?]
	at cpw.mods.modlauncher.ClassTransformer.transform(ClassTransformer.java:120) ~[modlauncher-10.0.9.jar:?]
	at cpw.mods.modlauncher.TransformingClassLoader.maybeTransformClassBytes(TransformingClassLoader.java:50) ~[modlauncher-10.0.9.jar:?]
	at cpw.mods.cl.ModuleClassLoader.readerToClass(ModuleClassLoader.java:113) ~[securejarhandler-2.1.10.jar:?]
	at cpw.mods.cl.ModuleClassLoader.lambda$findClass$15(ModuleClassLoader.java:219) ~[securejarhandler-2.1.10.jar:?]
	at cpw.mods.cl.ModuleClassLoader.loadFromModule(ModuleClassLoader.java:229) ~[securejarhandler-2.1.10.jar:?]
	at cpw.mods.cl.ModuleClassLoader.findClass(ModuleClassLoader.java:219) ~[securejarhandler-2.1.10.jar:?]
	at cpw.mods.cl.ModuleClassLoader.loadClass(ModuleClassLoader.java:135) ~[securejarhandler-2.1.10.jar:?]
	at java.lang.ClassLoader.loadClass(ClassLoader.java:525) ~[?:?]
	at net.minecraftforge.registries.GameData.init(GameData.java:107) ~[forge-1.20.1-47.2.20-universal.jar%2388!/:?]
	at net.minecraftforge.registries.GameData.<clinit>(GameData.java:93) ~[forge-1.20.1-47.2.20-universal.jar%2388!/:?]
	at net.minecraft.core.registries.BuiltInRegistries.forge(BuiltInRegistries.java:429) ~[server-1.20.1-20230612.114412-srg.jar%2383!/:?]
	at net.minecraft.core.registries.BuiltInRegistries.forge(BuiltInRegistries.java:409) ~[server-1.20.1-20230612.114412-srg.jar%2383!/:?]
	at net.minecraft.core.registries.BuiltInRegistries.<clinit>(BuiltInRegistries.java:121) ~[server-1.20.1-20230612.114412-srg.jar%2383!/:?]
	at net.minecraft.server.Bootstrap.m_135870_(Bootstrap.java:43) ~[server-1.20.1-20230612.114412-srg.jar%2383!/:?]
	at net.minecraft.server.Main.main(Main.java:167) ~[server-1.20.1-20230612.114412-srg.jar%2383!/:?]
	at jdk.internal.reflect.NativeMethodAccessorImpl.invoke0(Native Method) ~[?:?]
	at jdk.internal.reflect.NativeMethodAccessorImpl.invoke(NativeMethodAccessorImpl.java:77) ~[?:?]
	at jdk.internal.reflect.DelegatingMethodAccessorImpl.invoke(DelegatingMethodAccessorImpl.java:43) ~[?:?]
	at java.lang.reflect.Method.invoke(Method.java:568) ~[?:?]
	at net.minecraftforge.fml.loading.targets.CommonLaunchHandler.runTarget(CommonLaunchHandler.java:111) ~[fmlloader-1.20.1-47.2.20.jar%2361!/:?]
	at net.minecraftforge.fml.loading.targets.CommonLaunchHandler.serverService(CommonLaunchHandler.java:103) ~[fmlloader-1.20.1-47.2.20.jar%2361!/:?]
	at net.minecraftforge.fml.loading.targets.CommonServerLaunchHandler.lambda$makeService$0(CommonServerLaunchHandler.java:27) ~[fmlloader-1.20.1-47.2.20.jar%2361!/:?]
	at cpw.mods.modlauncher.LaunchServiceHandlerDecorator.launch(LaunchServiceHandlerDecorator.java:30) [modlauncher-10.0.9.jar%235!/:?]
	at cpw.mods.modlauncher.LaunchServiceHandler.launch(LaunchServiceHandler.java:53) [modlauncher-10.0.9.jar%235!/:?]
	at cpw.mods.modlauncher.LaunchServiceHandler.launch(LaunchServiceHandler.java:71) [modlauncher-10.0.9.jar%235!/:?]
	at cpw.mods.modlauncher.Launcher.run(Launcher.java:108) [modlauncher-10.0.9.jar%235!/:?]
	at cpw.mods.modlauncher.Launcher.main(Launcher.java:78) [modlauncher-10.0.9.jar%235!/:?]
	at cpw.mods.modlauncher.BootstrapLaunchConsumer.accept(BootstrapLaunchConsumer.java:26) [modlauncher-10.0.9.jar%235!/:?]
	at cpw.mods.modlauncher.BootstrapLaunchConsumer.accept(BootstrapLaunchConsumer.java:23) [modlauncher-10.0.9.jar%235!/:?]
	at org.magmafoundation.magma.utils.BootstrapLauncher.startServer(BootstrapLauncher.java:96) [server.jar:?]
	at org.magmafoundation.magma.MagmaStart.main(MagmaStart.java:106) [server.jar:1.20.1-47.2.20-b4bdd80-20230612.114412]
